
----- Results for example Ch17_01 -----

----- Ch17_01_ex1() -----

path1: X:\CppSTL\SourceCode\Chapter17
path1: X:\CppSTL\SourceCode\Chapter17\test1.txt

path2: C:\Users\dan\AppData\Local\Temp\
path2: C:\Users\dan\AppData\Local\Temp\test2.txt

path3: X:\CppSTL\SourceCode\Chapter17
path3: X:\CppSTL\SourceCode\Chapter17\Bad//Filename.txt

ofs.good(): false (expecting false)

----- Ch17_01_ex2() -----
path1:               X:\CppSTL\SourceCode\Chapter17\test1.txt
path1_root_name:     X:
path1_root_dir:      \
path1_root_path:     X:\
path1_relative_path: CppSTL\SourceCode\Chapter17\test1.txt
path1_parent_path:   X:\CppSTL\SourceCode\Chapter17
path1_filename:      test1.txt
path1_stem:          test1
path1_extension:     .txt

----- Ch17_01_ex3() -----

fs::exists(X:\CppSTL\SourceCode\Chapter17\sub1)
rc = false

fs::create_directory(X:\CppSTL\SourceCode\Chapter17\sub1)
rc = true

write_test_file(X:\CppSTL\SourceCode\Chapter17\sub1\TestA.txt)
rc = true

fs::exists(X:\CppSTL\SourceCode\Chapter17\sub1\TestA.txt)
rc = true

fs::remove(X:\CppSTL\SourceCode\Chapter17\sub1\TestA.txt)
rc = true

fs::remove(X:\CppSTL\SourceCode\Chapter17\sub1)
rc = true

----- Ch17_01_ex4() -----

fs::exists(C:\Users\dan\AppData\Local\Temp\d1\d2/d3/d4)
rc = false

fs::create_directories(C:\Users\dan\AppData\Local\Temp\d1\d2/d3/d4)
rc = true

fn1.generic_string(): C:/Users/dan/AppData/Local/Temp/d1/TestA.txt
fn1.string():         C:\Users\dan\AppData\Local\Temp\d1\TestA.txt
rc:                   true

fn2.generic_string(): C:/Users/dan/AppData/Local/Temp/d1/d2/d3/d4/TestB.txt
fn2.string():         C:\Users\dan\AppData\Local\Temp\d1\d2/d3/d4\TestB.txt
rc:                   true

fs::remove_all(C:/Users/dan/AppData/Local/Temp/d1)
num_deletes = 6

----- Results for example Ch17_02 -----

----- Ch17_02_ex1() -----
code_path: x:\CppSTL\SourceCode
fs::is_directory(x:\CppSTL\SourceCode): true

num_files:     10216
num_files_cpp: 318
num_files_h:   175

----- Ch17_02_ex2() -----
test_path: C:\Users\dan\AppData\Local\Temp\Ch17_02_ex3
old  1: [2024-05-24 14:12:10] C:\Users\dan\AppData\Local\Temp\Ch17_02_ex3\D00\Ch17_02_ex3-00-00.txt
old  2: [2024-05-24 14:12:10] C:\Users\dan\AppData\Local\Temp\Ch17_02_ex3\D00\Ch17_02_ex3-00-01.txt
old  3: [2024-05-24 14:12:10] C:\Users\dan\AppData\Local\Temp\Ch17_02_ex3\D00\Ch17_02_ex3-00-02.txt
old  4: [2024-05-24 14:12:10] C:\Users\dan\AppData\Local\Temp\Ch17_02_ex3\D00\D01\Ch17_02_ex3-01-00.txt
old  5: [2024-05-24 14:12:10] C:\Users\dan\AppData\Local\Temp\Ch17_02_ex3\D00\D01\Ch17_02_ex3-01-01.txt
old  6: [2024-05-24 14:12:10] C:\Users\dan\AppData\Local\Temp\Ch17_02_ex3\D00\D01\Ch17_02_ex3-01-02.txt
old  7: [2024-05-24 14:12:10] C:\Users\dan\AppData\Local\Temp\Ch17_02_ex3\D00\D01\D02\Ch17_02_ex3-02-00.txt
old  8: [2024-05-24 14:12:10] C:\Users\dan\AppData\Local\Temp\Ch17_02_ex3\D00\D01\D02\Ch17_02_ex3-02-01.txt
old  9: [2024-05-24 14:12:10] C:\Users\dan\AppData\Local\Temp\Ch17_02_ex3\D00\D01\D02\Ch17_02_ex3-02-02.txt
old 10: [2024-05-24 14:12:10] C:\Users\dan\AppData\Local\Temp\Ch17_02_ex3\D00\D01\D02\D03\Ch17_02_ex3-03-00.txt
old 11: [2024-05-24 14:12:10] C:\Users\dan\AppData\Local\Temp\Ch17_02_ex3\D00\D01\D02\D03\Ch17_02_ex3-03-01.txt
old 12: [2024-05-24 14:12:10] C:\Users\dan\AppData\Local\Temp\Ch17_02_ex3\D00\D01\D02\D03\Ch17_02_ex3-03-02.txt

num_directories: 26
num_old_files:   12

----- Results for example Ch17_03 -----

----- Ch17_03_ex1() -----

path1 information:
raw string:     ../../test1.txt
generic string: ../../test1.txt
absolute:       X:\CppSTL\test1.txt
canonical:      \\carbon2\SambaShare\CppSTL\test1.txt
relative:       ..\..\test1.txt

path2 information:
raw string:     X:\CppSTL\SourceCode\Chapter17\D0\D1/D2\test2.txt
generic string: X:/CppSTL/SourceCode/Chapter17/D0/D1/D2/test2.txt
absolute:       X:\CppSTL\SourceCode\Chapter17\D0\D1\D2\test2.txt
canonical:      \\carbon2\SambaShare\CppSTL\SourceCode\Chapter17\D0\D1\D2\test2.txt
relative:       D0\D1\D2\test2.txt

----- Ch17_03_ex2() -----

test case #1 - dir: C:\Users\dan\AppData\Local\Temp\good_dir_name
#1 - created directory C:\Users\dan\AppData\Local\Temp\good_dir_name
#2 - directory C:\Users\dan\AppData\Local\Temp\good_dir_name already exists

test case #2 - dir: C:\Users\dan\AppData\Local\Temp\good_dir_name
#1 - directory C:\Users\dan\AppData\Local\Temp\good_dir_name already exists
#2 - directory C:\Users\dan\AppData\Local\Temp\good_dir_name already exists

test case #3 - dir: C:\Users\dan\AppData\Local\Temp\bad//_dir_name
ec.value:   3
ec.message: The system cannot find the path specified.

caught fs::filesystem_error exception
what():           create_directory: The system cannot find the path specified.: "C:\Users\dan\AppData\Local\Temp\bad//_dir_name"
path1():          C:\Users\dan\AppData\Local\Temp\bad//_dir_name
path2():          
code().value():   3
code().message(): The system cannot find the path specified.

----- Ch17_03_ex3() -----

path: C:\Users\dan\AppData\Local\Temp\Ch17_03_ex2
| is_directory | 

path: C:\Users\dan\AppData\Local\Temp\Ch17_03_ex2\EmptyDir
| is_directory | is_empty |

path: C:\Users\dan\AppData\Local\Temp\Ch17_03_ex2\test1-data-file.txt
| is_regular_file | 

path: C:\Users\dan\AppData\Local\Temp\Ch17_03_ex2\test2-empty-file.txt
| is_regular_file | is_empty |

path: C:\
| is_directory | 

path: C:\Windows\notepad.exe
| is_regular_file | 

path: \\carbon2\projects
| is_directory | 

path: /etc
| does not exist |

path: /etc/fstab
| does not exist |

path: /dev/sda
| does not exist |

path: /dev/tty0
| does not exist |

----- Results for example Ch17_04 -----

----- Ch17_04_ex1() -----

using fs::copy_file() - test #0
source file:      C:\Users\dan\AppData\Local\Temp\Ch17_04_ex1\TestFile1.txt
destination file: C:\Users\dan\AppData\Local\Temp\Ch17_04_ex1\TestFile2.txt
status:           true
ec.message():     The operation completed successfully.

using fs::copy_file() - test #1
source file:      C:\Users\dan\AppData\Local\Temp\Ch17_04_ex1\TestFile1.txt
destination file: C:\Users\dan\AppData\Local\Temp\Ch17_04_ex1\TestFile2.txt
status:           false
ec.message():     The file exists.

using fs::copy_file() - test #2
source file:      C:\Users\dan\AppData\Local\Temp\Ch17_04_ex1\TestFile1.txt
destination file: C:\Users\dan\AppData\Local\Temp\Ch17_04_ex1\TestFile2.txt
status:           true
ec.message():     The operation completed successfully.

----- Ch17_04_ex2() -----

display_path: C:\Users\dan\AppData\Local\Temp\Ch17_04_ex2_S
C:\Users\dan\AppData\Local\Temp\Ch17_04_ex2_S\D00
C:\Users\dan\AppData\Local\Temp\Ch17_04_ex2_S\D00\Ch17_04_ex2-00-00.txt
C:\Users\dan\AppData\Local\Temp\Ch17_04_ex2_S\D00\Ch17_04_ex2-00-01.txt
C:\Users\dan\AppData\Local\Temp\Ch17_04_ex2_S\D00\Ch17_04_ex2-00-02.txt
C:\Users\dan\AppData\Local\Temp\Ch17_04_ex2_S\D00\D01
C:\Users\dan\AppData\Local\Temp\Ch17_04_ex2_S\D00\D01\Ch17_04_ex2-01-00.txt
C:\Users\dan\AppData\Local\Temp\Ch17_04_ex2_S\D00\D01\Ch17_04_ex2-01-01.txt
C:\Users\dan\AppData\Local\Temp\Ch17_04_ex2_S\D00\D01\Ch17_04_ex2-01-02.txt
C:\Users\dan\AppData\Local\Temp\Ch17_04_ex2_S\D00\D01\D02
C:\Users\dan\AppData\Local\Temp\Ch17_04_ex2_S\D00\D01\D02\Ch17_04_ex2-02-00.txt
C:\Users\dan\AppData\Local\Temp\Ch17_04_ex2_S\D00\D01\D02\Ch17_04_ex2-02-01.txt
C:\Users\dan\AppData\Local\Temp\Ch17_04_ex2_S\D00\D01\D02\Ch17_04_ex2-02-02.txt
C:\Users\dan\AppData\Local\Temp\Ch17_04_ex2_S\D00\D01\D02\D03
C:\Users\dan\AppData\Local\Temp\Ch17_04_ex2_S\D00\D01\D02\D03\Ch17_04_ex2-03-00.txt
C:\Users\dan\AppData\Local\Temp\Ch17_04_ex2_S\D00\D01\D02\D03\Ch17_04_ex2-03-01.txt
C:\Users\dan\AppData\Local\Temp\Ch17_04_ex2_S\D00\D01\D02\D03\Ch17_04_ex2-03-02.txt

display_path: C:\Users\dan\AppData\Local\Temp\Ch17_04_ex2_D
C:\Users\dan\AppData\Local\Temp\Ch17_04_ex2_D\D00
C:\Users\dan\AppData\Local\Temp\Ch17_04_ex2_D\D00\Ch17_04_ex2-00-00.txt
C:\Users\dan\AppData\Local\Temp\Ch17_04_ex2_D\D00\Ch17_04_ex2-00-01.txt
C:\Users\dan\AppData\Local\Temp\Ch17_04_ex2_D\D00\Ch17_04_ex2-00-02.txt
C:\Users\dan\AppData\Local\Temp\Ch17_04_ex2_D\D00\D01
C:\Users\dan\AppData\Local\Temp\Ch17_04_ex2_D\D00\D01\Ch17_04_ex2-01-00.txt
C:\Users\dan\AppData\Local\Temp\Ch17_04_ex2_D\D00\D01\Ch17_04_ex2-01-01.txt
C:\Users\dan\AppData\Local\Temp\Ch17_04_ex2_D\D00\D01\Ch17_04_ex2-01-02.txt
C:\Users\dan\AppData\Local\Temp\Ch17_04_ex2_D\D00\D01\D02
C:\Users\dan\AppData\Local\Temp\Ch17_04_ex2_D\D00\D01\D02\Ch17_04_ex2-02-00.txt
C:\Users\dan\AppData\Local\Temp\Ch17_04_ex2_D\D00\D01\D02\Ch17_04_ex2-02-01.txt
C:\Users\dan\AppData\Local\Temp\Ch17_04_ex2_D\D00\D01\D02\Ch17_04_ex2-02-02.txt
C:\Users\dan\AppData\Local\Temp\Ch17_04_ex2_D\D00\D01\D02\D03
C:\Users\dan\AppData\Local\Temp\Ch17_04_ex2_D\D00\D01\D02\D03\Ch17_04_ex2-03-00.txt
C:\Users\dan\AppData\Local\Temp\Ch17_04_ex2_D\D00\D01\D02\D03\Ch17_04_ex2-03-01.txt
C:\Users\dan\AppData\Local\Temp\Ch17_04_ex2_D\D00\D01\D02\D03\Ch17_04_ex2-03-02.txt
